15:30:38.662 [main] INFO  factory.BaseClass - Applied Patient Stories
15:30:46.598 [main] INFO  factory.BaseClass - Applied Experience filter
15:31:02.614 [main] INFO  factory.BaseClass - Applied All Filters
15:31:05.699 [main] INFO  factory.BaseClass - Doctors are greater than 5
15:31:11.095 [main] INFO  factory.BaseClass - Sorted the doctors list
15:31:11.365 [main] INFO  factory.BaseClass - Getting the doctors details
15:31:14.446 [main] INFO  factory.BaseClass - printing the details in the excel
15:31:14.682 [main] INFO  factory.BaseClass - --------------- Fetching surgeries has Started ---------------------
15:31:20.759 [main] INFO  factory.BaseClass - Navigated to PRACTO Homepage
15:31:20.966 [main] INFO  factory.BaseClass - Navigating to the surgeries page
15:31:24.096 [main] INFO  factory.BaseClass - Clicked on Surgeries
15:31:24.522 [main] INFO  factory.BaseClass - scrolling down to the surgeries
15:31:31.209 [main] INFO  factory.BaseClass - printing the surgeries list in the excel
15:31:34.490 [main] INFO  factory.BaseClass - --------------- Verifying the schedule demo button has Started ---------------------
15:31:38.821 [main] INFO  factory.BaseClass - Navigated to PRACTO Homepage
15:31:39.131 [main] INFO  factory.BaseClass - navigating to the corporate
15:31:39.331 [main] INFO  factory.BaseClass - selecting heath and wellness
15:31:45.399 [main] INFO  factory.BaseClass - entering name and organisation in the demo form
15:31:47.837 [main] INFO  factory.BaseClass - choosing the organization size and interested option
15:31:53.022 [main] INFO  factory.BaseClass - verifying the phone field by giving invalid input format
15:31:53.022 [main] INFO  factory.BaseClass - verifying the email field with the invalid input no : 1
15:31:55.323 [main] INFO  factory.BaseClass - verifying the email field with the invalid input no : 2
15:31:57.688 [main] INFO  factory.BaseClass - verifying the email field with the invalid input no : 3
15:32:10.134 [main] INFO  factory.BaseClass - verifying the visibility of schedule a demo visibilty
15:32:14.575 [main] INFO  factory.BaseClass - --------------- Verifying the Thankyou message after applying for a demo has Started ---------------------
15:32:19.059 [main] INFO  factory.BaseClass - Navigated to PRACTO Homepage
15:32:19.337 [main] INFO  factory.BaseClass - navigating to the corporate
15:32:19.553 [main] INFO  factory.BaseClass - selecting heath and wellness
15:32:22.695 [main] INFO  factory.BaseClass - verifying with the valid inputs
15:32:25.094 [main] INFO  factory.BaseClass - choosing the organization size and interested option
15:32:29.475 [main] INFO  factory.BaseClass - verifying the phone field by giving invalid input format
15:32:29.475 [main] INFO  factory.BaseClass - verifying the mail field with the valid input : 1
15:32:31.739 [main] INFO  factory.BaseClass - verifying the mail field with the valid input : 2
15:32:33.995 [main] INFO  factory.BaseClass - verifying the mail field with the valid input : 3
15:32:36.366 [main] INFO  factory.BaseClass - verifying the mail field with the valid input : 4
15:32:43.781 [main] INFO  factory.BaseClass - verifying the visibility of schedule a demo visibilty
15:32:55.952 [main] INFO  factory.BaseClass - getting the success message
15:32:56.128 [main] INFO  factory.BaseClass - verifying the success message
15:32:56.435 [main] INFO  factory.BaseClass - Verified the Thank You message
22:54:46.718 [main] INFO  factory.BaseClass - Running through chrome
22:54:46.743 [main] INFO  factory.BaseClass - deleting all the cookies
22:54:46.751 [main] INFO  factory.BaseClass - applying the implicit wait
22:54:47.124 [main] INFO  factory.BaseClass - --------------- Fetching doctors details has Started ---------------------
22:54:52.951 [main] INFO  factory.BaseClass - Navigated to PRACTO Homepage
22:54:53.245 [main] INFO  factory.BaseClass - Entering the search data
22:55:00.025 [main] INFO  factory.BaseClass - Entered the City name
22:55:06.251 [main] INFO  factory.BaseClass - Entered the Speciality name
22:55:06.251 [main] INFO  factory.BaseClass - navigating to the doctors page
22:55:11.792 [main] INFO  factory.BaseClass - applying the filters
22:55:19.145 [main] INFO  factory.BaseClass - Applied Patient Stories
22:55:26.878 [main] INFO  factory.BaseClass - Applied Experience filter
22:55:42.165 [main] INFO  factory.BaseClass - Applied All Filters
22:55:45.225 [main] INFO  factory.BaseClass - Doctors are greater than 5
22:55:50.284 [main] INFO  factory.BaseClass - Sorted the doctors list
22:55:50.496 [main] INFO  factory.BaseClass - Getting the doctors details
22:55:53.683 [main] INFO  factory.BaseClass - printing the details in the excel
22:55:53.920 [main] INFO  factory.BaseClass - --------------- Fetching surgeries has Started ---------------------
22:55:57.919 [main] INFO  factory.BaseClass - Navigated to PRACTO Homepage
22:55:58.125 [main] INFO  factory.BaseClass - Navigating to the surgeries page
